<?xml version="1.0" encoding="UTF-8"?>
<testsuite name="org.springframework.samples.petclinic.PetclinicIntegrationTests" tests="1" skipped="0" failures="0" errors="0" timestamp="2023-11-23T13:16:23" hostname="Alperens-MacBook-Pro.local" time="0.354">
  <properties/>
  <testcase name="testFindAll()" classname="org.springframework.samples.petclinic.PetclinicIntegrationTests" time="0.354"/>
  <system-out><![CDATA[16:16:21.133 [Test worker] INFO org.springframework.test.context.support.AnnotationConfigContextLoaderUtils -- Could not detect default configuration classes for test class [org.springframework.samples.petclinic.PetclinicIntegrationTests]: PetclinicIntegrationTests does not declare any static, non-private, non-final, nested classes annotated with @Configuration.
16:16:21.174 [Test worker] INFO org.springframework.boot.test.context.SpringBootTestContextBootstrapper -- Found @SpringBootConfiguration org.springframework.samples.petclinic.PetClinicApplication for test class org.springframework.samples.petclinic.PetclinicIntegrationTests


              |\      _,,,--,,_
             /,`.-'`'   ._  \-;;,_
  _______ __|,4-  ) )_   .;.(__`'-'__     ___ __    _ ___ _______
 |       | '---''(_/._)-'(_\_)   |   |   |   |  |  | |   |       |
 |    _  |    ___|_     _|       |   |   |   |   |_| |   |       | __ _ _
 |   |_| |   |___  |   | |       |   |   |   |       |   |       | \ \ \ \
 |    ___|    ___| |   | |      _|   |___|   |  _    |   |      _|  \ \ \ \
 |   |   |   |___  |   | |     |_|       |   | | |   |   |     |_    ) ) ) )
 |___|   |_______| |___| |_______|_______|___|_|  |__|___|_______|  / / / /
 ==================================================================/_/_/_/

:: Built with Spring Boot :: 3.1.3


2023-11-23T16:16:21.306+03:00  INFO 4756 --- [    Test worker] o.s.s.p.PetclinicIntegrationTests        : Starting PetclinicIntegrationTests using Java 21.0.1 with PID 4756 (started by alperenorsdemir in /Users/alperenorsdemir/Desktop/Support/Activities-on-Cases/SBOM_Plugins_Perform/kotlin-petclinic-PLUGINS)
2023-11-23T16:16:21.308+03:00  INFO 4756 --- [    Test worker] o.s.s.p.PetclinicIntegrationTests        : No active profile set, falling back to 1 default profile: "default"
2023-11-23T16:16:21.691+03:00  INFO 4756 --- [    Test worker] .s.d.r.c.RepositoryConfigurationDelegate : Bootstrapping Spring Data JPA repositories in DEFERRED mode.
2023-11-23T16:16:21.763+03:00  INFO 4756 --- [    Test worker] .s.d.r.c.RepositoryConfigurationDelegate : Finished Spring Data repository scanning in 69 ms. Found 4 JPA repository interfaces.
2023-11-23T16:16:21.909+03:00  INFO 4756 --- [    Test worker] com.zaxxer.hikari.HikariDataSource       : HikariPool-1 - Starting...
2023-11-23T16:16:21.990+03:00  INFO 4756 --- [    Test worker] com.zaxxer.hikari.pool.HikariPool        : HikariPool-1 - Added connection conn0: url=jdbc:h2:mem:5675c5ce-bcc6-4aa6-923e-202d529050a3 user=SA
2023-11-23T16:16:21.991+03:00  INFO 4756 --- [    Test worker] com.zaxxer.hikari.HikariDataSource       : HikariPool-1 - Start completed.
2023-11-23T16:16:22.058+03:00  INFO 4756 --- [         task-1] o.hibernate.jpa.internal.util.LogHelper  : HHH000204: Processing PersistenceUnitInfo [name: default]
2023-11-23T16:16:22.080+03:00  INFO 4756 --- [         task-1] org.hibernate.Version                    : HHH000412: Hibernate ORM core version 6.2.7.Final
2023-11-23T16:16:22.081+03:00  INFO 4756 --- [         task-1] org.hibernate.cfg.Environment            : HHH000406: Using bytecode reflection optimizer
2023-11-23T16:16:22.133+03:00  INFO 4756 --- [         task-1] o.h.b.i.BytecodeProviderInitiator        : HHH000021: Bytecode provider name : bytebuddy
2023-11-23T16:16:22.188+03:00  INFO 4756 --- [         task-1] o.s.o.j.p.SpringPersistenceUnitInfo      : No LoadTimeWeaver setup: ignoring JPA class transformer
2023-11-23T16:16:22.296+03:00  INFO 4756 --- [         task-1] o.h.b.i.BytecodeProviderInitiator        : HHH000021: Bytecode provider name : bytebuddy
2023-11-23T16:16:22.485+03:00  INFO 4756 --- [    Test worker] o.s.b.a.e.web.EndpointLinksResolver      : Exposing 13 endpoint(s) beneath base path '/actuator'
2023-11-23T16:16:22.516+03:00  INFO 4756 --- [    Test worker] DeferredRepositoryInitializationListener : Triggering deferred initialization of Spring Data repositories…
2023-11-23T16:16:22.586+03:00  INFO 4756 --- [         task-1] o.h.e.t.j.p.i.JtaPlatformInitiator       : HHH000490: Using JtaPlatform implementation: [org.hibernate.engine.transaction.jta.platform.internal.NoJtaPlatform]
2023-11-23T16:16:22.588+03:00  INFO 4756 --- [         task-1] j.LocalContainerEntityManagerFactoryBean : Initialized JPA EntityManagerFactory for persistence unit 'default'
2023-11-23T16:16:22.695+03:00  INFO 4756 --- [    Test worker] o.s.d.j.r.query.QueryEnhancerFactory     : Hibernate is in classpath; If applicable, HQL parser will be used.
2023-11-23T16:16:22.952+03:00  INFO 4756 --- [    Test worker] DeferredRepositoryInitializationListener : Spring Data repositories initialized
2023-11-23T16:16:22.965+03:00  INFO 4756 --- [    Test worker] o.s.s.p.PetclinicIntegrationTests        : Started PetclinicIntegrationTests in 1.74 seconds (process running for 2.313)
]]></system-out>
  <system-err><![CDATA[WARNING: A Java agent has been loaded dynamically (/Users/alperenorsdemir/.gradle/caches/modules-2/files-2.1/net.bytebuddy/byte-buddy-agent/1.14.6/46e2545d7a97b6ccb195621650c5957279eb4812/byte-buddy-agent-1.14.6.jar)
WARNING: If a serviceability tool is in use, please run with -XX:+EnableDynamicAgentLoading to hide this warning
WARNING: If a serviceability tool is not in use, please run with -Djdk.instrument.traceUsage for more information
WARNING: Dynamic loading of agents will be disallowed by default in a future release
]]></system-err>
</testsuite>
